<?xml version="1.0" encoding="UTF-8"?>
<!-- Generated by org.testng.reporters.JUnitReportReporter -->
<testsuite skipped="0" hostname="DESKTOP-27HB9NG" name="tests.TestBase" tests="1" failures="0" timestamp="25 Jan 2021 09:09:58 GMT" time="5.814" errors="0">
  <testcase name="openURL" time="5.814" classname="tests.TestBase"/>
</testsuite> <!-- tests.TestBase -->
