<?xml version="1.0" encoding="UTF-8"?>
<!-- Generated by org.testng.reporters.JUnitReportReporter -->
<testsuite skipped="0" hostname="DESKTOP-27HB9NG" name="tests.LoginTest" tests="1" failures="0" timestamp="25 Jan 2021 10:34:25 GMT" time="3.762" errors="0">
  <testcase name="Test_valid_login" time="3.762" classname="tests.LoginTest"/>
</testsuite> <!-- tests.LoginTest -->
