<?xml version="1.0" encoding="UTF-8"?>
<!-- Generated by org.testng.reporters.JUnitReportReporter -->
<testsuite skipped="0" hostname="DESKTOP-27HB9NG" name="tests.RegistrationTest" tests="3" failures="0" timestamp="25 Jan 2021 10:34:25 GMT" time="10.442" errors="0">
  <testcase name="Test_valid_Registration" time="2.613" classname="tests.RegistrationTest"/>
  <testcase name="Test_valid_Registration" time="4.774" classname="tests.RegistrationTest"/>
  <testcase name="Open_Registration_Page" time="3.055" classname="tests.RegistrationTest"/>
</testsuite> <!-- tests.RegistrationTest -->
