<?xml version="1.0" encoding="UTF-8"?>
<!-- Generated by org.testng.reporters.JUnitReportReporter -->
<testsuite skipped="0" hostname="DESKTOP-27HB9NG" name="tests.Add_product_to_cart_Test" tests="2" failures="0" timestamp="25 Jan 2021 10:34:25 GMT" time="9.578" errors="0">
  <testcase name="Select_Product_And_Add_to_Cart" time="6.185" classname="tests.Add_product_to_cart_Test"/>
  <testcase name="Open_cart_And_view_added_products" time="3.393" classname="tests.Add_product_to_cart_Test"/>
</testsuite> <!-- tests.Add_product_to_cart_Test -->
